[debug] [2023-09-12T17:37:08.986Z] ----------------------------------------------------------------------
[debug] [2023-09-12T17:37:08.988Z] Command:       /Users/lilian/.nvm/versions/node/v18.17.1/bin/node /Users/lilian/.nvm/versions/node/v20.5.0/bin/firebase deploy --only functions:searchUser
[debug] [2023-09-12T17:37:08.988Z] CLI Version:   12.4.7
[debug] [2023-09-12T17:37:08.989Z] Platform:      darwin
[debug] [2023-09-12T17:37:08.989Z] Node Version:  v18.17.1
[debug] [2023-09-12T17:37:08.995Z] Time:          Tue Sep 12 2023 18:37:08 GMT+0100 (West Africa Standard Time)
[debug] [2023-09-12T17:37:08.995Z] ----------------------------------------------------------------------
[debug] 
[debug] [2023-09-12T17:37:08.997Z] >>> [apiv2][query] GET https://firebase-public.firebaseio.com/cli.json [none]
[debug] [2023-09-12T17:37:09.080Z] > command requires scopes: ["email","openid","https://www.googleapis.com/auth/cloudplatformprojects.readonly","https://www.googleapis.com/auth/firebase","https://www.googleapis.com/auth/cloud-platform"]
[debug] [2023-09-12T17:37:09.080Z] > authorizing via signed-in user (lilibest30.lb@gmail.com)
[debug] [2023-09-12T17:37:09.080Z] [iam] checking project account-db-3a21d for permissions ["cloudfunctions.functions.create","cloudfunctions.functions.delete","cloudfunctions.functions.get","cloudfunctions.functions.list","cloudfunctions.functions.update","cloudfunctions.operations.get","firebase.projects.get"]
[debug] [2023-09-12T17:37:09.081Z] > refreshing access token with scopes: []
[debug] [2023-09-12T17:37:09.081Z] >>> [apiv2][query] POST https://www.googleapis.com/oauth2/v3/token [none]
[debug] [2023-09-12T17:37:09.082Z] >>> [apiv2][body] POST https://www.googleapis.com/oauth2/v3/token [omitted]
[debug] [2023-09-12T17:37:09.948Z] <<< [apiv2][status] POST https://www.googleapis.com/oauth2/v3/token 200
[debug] [2023-09-12T17:37:09.949Z] <<< [apiv2][body] POST https://www.googleapis.com/oauth2/v3/token [omitted]
[debug] [2023-09-12T17:37:09.967Z] >>> [apiv2][query] POST https://cloudresourcemanager.googleapis.com/v1/projects/account-db-3a21d:testIamPermissions [none]
[debug] [2023-09-12T17:37:09.967Z] >>> [apiv2][(partial)header] POST https://cloudresourcemanager.googleapis.com/v1/projects/account-db-3a21d:testIamPermissions x-goog-quota-user=projects/account-db-3a21d
[debug] [2023-09-12T17:37:09.967Z] >>> [apiv2][body] POST https://cloudresourcemanager.googleapis.com/v1/projects/account-db-3a21d:testIamPermissions {"permissions":["cloudfunctions.functions.create","cloudfunctions.functions.delete","cloudfunctions.functions.get","cloudfunctions.functions.list","cloudfunctions.functions.update","cloudfunctions.operations.get","firebase.projects.get"]}
[debug] [2023-09-12T17:37:10.022Z] <<< [apiv2][status] GET https://firebase-public.firebaseio.com/cli.json 200
[debug] [2023-09-12T17:37:10.023Z] <<< [apiv2][body] GET https://firebase-public.firebaseio.com/cli.json {"cloudBuildErrorAfter":1594252800000,"cloudBuildWarnAfter":1590019200000,"defaultNode10After":1594252800000,"minVersion":"3.0.5","node8DeploysDisabledAfter":1613390400000,"node8RuntimeDisabledAfter":1615809600000,"node8WarnAfter":1600128000000}
[debug] [2023-09-12T17:37:11.179Z] <<< [apiv2][status] POST https://cloudresourcemanager.googleapis.com/v1/projects/account-db-3a21d:testIamPermissions 200
[debug] [2023-09-12T17:37:11.179Z] <<< [apiv2][body] POST https://cloudresourcemanager.googleapis.com/v1/projects/account-db-3a21d:testIamPermissions {"permissions":["cloudfunctions.functions.create","cloudfunctions.functions.delete","cloudfunctions.functions.get","cloudfunctions.functions.list","cloudfunctions.functions.update","cloudfunctions.operations.get","firebase.projects.get"]}
[debug] [2023-09-12T17:37:11.180Z] >>> [apiv2][query] POST https://iam.googleapis.com/v1/projects/account-db-3a21d/serviceAccounts/account-db-3a21d@appspot.gserviceaccount.com:testIamPermissions [none]
[debug] [2023-09-12T17:37:11.180Z] >>> [apiv2][body] POST https://iam.googleapis.com/v1/projects/account-db-3a21d/serviceAccounts/account-db-3a21d@appspot.gserviceaccount.com:testIamPermissions {"permissions":["iam.serviceAccounts.actAs"]}
[debug] [2023-09-12T17:37:12.270Z] <<< [apiv2][status] POST https://iam.googleapis.com/v1/projects/account-db-3a21d/serviceAccounts/account-db-3a21d@appspot.gserviceaccount.com:testIamPermissions 200
[debug] [2023-09-12T17:37:12.271Z] <<< [apiv2][body] POST https://iam.googleapis.com/v1/projects/account-db-3a21d/serviceAccounts/account-db-3a21d@appspot.gserviceaccount.com:testIamPermissions {"permissions":["iam.serviceAccounts.actAs"]}
[info] 
[info] === Deploying to 'account-db-3a21d'...
[info] 
[info] i  deploying functions 
[info] Running command: npm --prefix "$RESOURCE_DIR" run lint
